<?xml version="1.0" encoding="UTF-8"?>
<!-- Generated by org.testng.reporters.JUnitReportReporter -->
<testsuite hostname="MacBook-Air.local" failures="0" tests="2" name="Tests.LoginTest" time="3.832" errors="0" timestamp="2025-08-22T15:38:25 CEST" skipped="0">
  <testcase classname="Tests.LoginTest" name="doLoginWithInvalidCredential" time="2.957"/>
  <testcase classname="Tests.LoginTest" name="loginTestWithValidCredential" time="0.875"/>
</testsuite> <!-- Tests.LoginTest -->
