<?xml version="1.0" encoding="UTF-8"?>
<!-- Generated by org.testng.reporters.JUnitReportReporter -->
<testsuite hostname="MacBook-Air.local" failures="0" tests="9" name="Demo.OrangeHRM" time="13.529" errors="0" timestamp="2025-08-24T11:30:47 CEST" skipped="8">
  <testcase classname="Demo.OrangeHRM" name="fileUpload" time="13.529"/>
  <testcase classname="Demo.OrangeHRM" name="doLoginWithInvalidCredential">
    <skipped/>
  </testcase> <!-- doLoginWithInvalidCredential -->
  <testcase classname="Demo.OrangeHRM" name="loginTestWithValidCredential">
    <skipped/>
  </testcase> <!-- loginTestWithValidCredential -->
  <testcase classname="Demo.OrangeHRM" name="applyLeave">
    <skipped/>
  </testcase> <!-- applyLeave -->
  <testcase classname="Demo.OrangeHRM" name="deleteEmployee">
    <skipped/>
  </testcase> <!-- deleteEmployee -->
  <testcase classname="Demo.OrangeHRM" name="searchEmployeeNyName">
    <skipped/>
  </testcase> <!-- searchEmployeeNyName -->
  <testcase classname="Demo.OrangeHRM" name="ListEmployees">
    <skipped/>
  </testcase> <!-- ListEmployees -->
  <testcase classname="Demo.OrangeHRM" name="addEmployee">
    <skipped/>
  </testcase> <!-- addEmployee -->
  <testcase classname="Demo.OrangeHRM" name="searchEmployeeById">
    <skipped/>
  </testcase> <!-- searchEmployeeById -->
</testsuite> <!-- Demo.OrangeHRM -->
